2020-07-10 10:07:15.078  INFO 11252 --- [main] c.j.r.SpringRabbitMqPublisherApplication : Starting SpringRabbitMqPublisherApplication on DESKTOP-A6MJEAN with PID 11252 (E:\MESSAGINGPROJECT\publish\SpringRabbitMQPublisher\target\classes started by Divya in E:\MESSAGINGPROJECT\publish\SpringRabbitMQPublisher)
2020-07-10 10:07:15.101  INFO 11252 --- [main] c.j.r.SpringRabbitMqPublisherApplication : No active profile set, falling back to default profiles: default
2020-07-10 10:07:15.201  INFO 11252 --- [main] ationConfigEmbeddedWebApplicationContext : Refreshing org.springframework.boot.context.embedded.AnnotationConfigEmbeddedWebApplicationContext@4681c175: startup date [Fri Jul 10 10:07:15 IST 2020]; root of context hierarchy
2020-07-10 10:07:17.188  INFO 11252 --- [main] trationDelegate$BeanPostProcessorChecker : Bean 'org.springframework.amqp.rabbit.annotation.RabbitBootstrapConfiguration' of type [org.springframework.amqp.rabbit.annotation.RabbitBootstrapConfiguration$$EnhancerBySpringCGLIB$$8b43104d] is not eligible for getting processed by all BeanPostProcessors (for example: not eligible for auto-proxying)
2020-07-10 10:07:17.713  INFO 11252 --- [main] s.b.c.e.t.TomcatEmbeddedServletContainer : Tomcat initialized with port(s): 8080 (http)
2020-07-10 10:07:17.746  INFO 11252 --- [main] o.apache.catalina.core.StandardService   : Starting service [Tomcat]
2020-07-10 10:07:17.748  INFO 11252 --- [main] org.apache.catalina.core.StandardEngine  : Starting Servlet Engine: Apache Tomcat/8.5.15
2020-07-10 10:07:18.053  INFO 11252 --- [localhost-startStop-1] o.a.c.c.C.[Tomcat].[localhost].[/]       : Initializing Spring embedded WebApplicationContext
2020-07-10 10:07:18.055  INFO 11252 --- [localhost-startStop-1] o.s.web.context.ContextLoader            : Root WebApplicationContext: initialization completed in 2854 ms
2020-07-10 10:07:18.428  INFO 11252 --- [localhost-startStop-1] o.s.b.w.servlet.ServletRegistrationBean  : Mapping servlet: 'dispatcherServlet' to [/]
2020-07-10 10:07:18.436  INFO 11252 --- [localhost-startStop-1] o.s.b.w.servlet.FilterRegistrationBean   : Mapping filter: 'characterEncodingFilter' to: [/*]
2020-07-10 10:07:18.437  INFO 11252 --- [localhost-startStop-1] o.s.b.w.servlet.FilterRegistrationBean   : Mapping filter: 'hiddenHttpMethodFilter' to: [/*]
2020-07-10 10:07:18.438  INFO 11252 --- [localhost-startStop-1] o.s.b.w.servlet.FilterRegistrationBean   : Mapping filter: 'httpPutFormContentFilter' to: [/*]
2020-07-10 10:07:18.441  INFO 11252 --- [localhost-startStop-1] o.s.b.w.servlet.FilterRegistrationBean   : Mapping filter: 'requestContextFilter' to: [/*]
2020-07-10 10:07:18.945  INFO 11252 --- [main] s.w.s.m.m.a.RequestMappingHandlerAdapter : Looking for @ControllerAdvice: org.springframework.boot.context.embedded.AnnotationConfigEmbeddedWebApplicationContext@4681c175: startup date [Fri Jul 10 10:07:15 IST 2020]; root of context hierarchy
2020-07-10 10:07:19.045  INFO 11252 --- [main] s.w.s.m.m.a.RequestMappingHandlerMapping : Mapped "{[/error]}" onto public org.springframework.http.ResponseEntity<java.util.Map<java.lang.String, java.lang.Object>> org.springframework.boot.autoconfigure.web.BasicErrorController.error(javax.servlet.http.HttpServletRequest)
2020-07-10 10:07:19.047  INFO 11252 --- [main] s.w.s.m.m.a.RequestMappingHandlerMapping : Mapped "{[/error],produces=[text/html]}" onto public org.springframework.web.servlet.ModelAndView org.springframework.boot.autoconfigure.web.BasicErrorController.errorHtml(javax.servlet.http.HttpServletRequest,javax.servlet.http.HttpServletResponse)
2020-07-10 10:07:19.093  INFO 11252 --- [main] o.s.w.s.handler.SimpleUrlHandlerMapping  : Mapped URL path [/webjars/**] onto handler of type [class org.springframework.web.servlet.resource.ResourceHttpRequestHandler]
2020-07-10 10:07:19.093  INFO 11252 --- [main] o.s.w.s.handler.SimpleUrlHandlerMapping  : Mapped URL path [/**] onto handler of type [class org.springframework.web.servlet.resource.ResourceHttpRequestHandler]
2020-07-10 10:07:19.174  INFO 11252 --- [main] o.s.w.s.handler.SimpleUrlHandlerMapping  : Mapped URL path [/**/favicon.ico] onto handler of type [class org.springframework.web.servlet.resource.ResourceHttpRequestHandler]
2020-07-10 10:07:19.458  INFO 11252 --- [main] o.s.j.e.a.AnnotationMBeanExporter        : Registering beans for JMX exposure on startup
2020-07-10 10:07:19.469  INFO 11252 --- [main] o.s.j.e.a.AnnotationMBeanExporter        : Bean with name 'rabbitConnectionFactory' has been autodetected for JMX exposure
2020-07-10 10:07:19.473  INFO 11252 --- [main] o.s.j.e.a.AnnotationMBeanExporter        : Located managed bean 'rabbitConnectionFactory': registering with JMX server as MBean [org.springframework.amqp.rabbit.connection:name=rabbitConnectionFactory,type=CachingConnectionFactory]
2020-07-10 10:07:19.525  INFO 11252 --- [main] o.s.c.support.DefaultLifecycleProcessor  : Starting beans in phase -2147482648
2020-07-10 10:07:19.525  INFO 11252 --- [main] o.s.c.support.DefaultLifecycleProcessor  : Starting beans in phase 2147483647
2020-07-10 10:07:19.573  INFO 11252 --- [SimpleAsyncTaskExecutor-1] o.s.a.r.c.CachingConnectionFactory       : Created new connection: rabbitConnectionFactory#671290b4:0/SimpleConnection@24fe7486 [delegate=amqp://guest@127.0.0.1:5672/, localPort= 57557]
2020-07-10 10:07:19.721  INFO 11252 --- [main] s.b.c.e.t.TomcatEmbeddedServletContainer : Tomcat started on port(s): 8080 (http)
2020-07-10 10:07:19.788  INFO 11252 --- [main] c.j.r.SpringRabbitMqPublisherApplication : Started SpringRabbitMqPublisherApplication in 5.374 seconds (JVM running for 7.874)
2020-07-10 10:13:08.808  INFO 8324 --- [main] c.j.r.SpringRabbitMqPublisherApplication : Starting SpringRabbitMqPublisherApplication on DESKTOP-A6MJEAN with PID 8324 (E:\MESSAGINGPROJECT\publish\SpringRabbitMQPublisher\target\classes started by Divya in E:\MESSAGINGPROJECT\publish\SpringRabbitMQPublisher)
2020-07-10 10:13:08.813  INFO 8324 --- [main] c.j.r.SpringRabbitMqPublisherApplication : No active profile set, falling back to default profiles: default
2020-07-10 10:13:08.891  INFO 8324 --- [main] ationConfigEmbeddedWebApplicationContext : Refreshing org.springframework.boot.context.embedded.AnnotationConfigEmbeddedWebApplicationContext@402c4085: startup date [Fri Jul 10 10:13:08 IST 2020]; root of context hierarchy
2020-07-10 10:13:10.914  INFO 8324 --- [main] trationDelegate$BeanPostProcessorChecker : Bean 'org.springframework.amqp.rabbit.annotation.RabbitBootstrapConfiguration' of type [org.springframework.amqp.rabbit.annotation.RabbitBootstrapConfiguration$$EnhancerBySpringCGLIB$$2de68a0f] is not eligible for getting processed by all BeanPostProcessors (for example: not eligible for auto-proxying)
2020-07-10 10:13:11.466  INFO 8324 --- [main] s.b.c.e.t.TomcatEmbeddedServletContainer : Tomcat initialized with port(s): 8080 (http)
2020-07-10 10:13:11.483  INFO 8324 --- [main] o.apache.catalina.core.StandardService   : Starting service [Tomcat]
2020-07-10 10:13:11.484  INFO 8324 --- [main] org.apache.catalina.core.StandardEngine  : Starting Servlet Engine: Apache Tomcat/8.5.15
2020-07-10 10:13:11.594  INFO 8324 --- [localhost-startStop-1] o.a.c.c.C.[Tomcat].[localhost].[/]       : Initializing Spring embedded WebApplicationContext
2020-07-10 10:13:11.595  INFO 8324 --- [localhost-startStop-1] o.s.web.context.ContextLoader            : Root WebApplicationContext: initialization completed in 2704 ms
2020-07-10 10:13:11.790  INFO 8324 --- [localhost-startStop-1] o.s.b.w.servlet.ServletRegistrationBean  : Mapping servlet: 'dispatcherServlet' to [/]
2020-07-10 10:13:11.796  INFO 8324 --- [localhost-startStop-1] o.s.b.w.servlet.FilterRegistrationBean   : Mapping filter: 'characterEncodingFilter' to: [/*]
2020-07-10 10:13:11.797  INFO 8324 --- [localhost-startStop-1] o.s.b.w.servlet.FilterRegistrationBean   : Mapping filter: 'hiddenHttpMethodFilter' to: [/*]
2020-07-10 10:13:11.797  INFO 8324 --- [localhost-startStop-1] o.s.b.w.servlet.FilterRegistrationBean   : Mapping filter: 'httpPutFormContentFilter' to: [/*]
2020-07-10 10:13:11.798  INFO 8324 --- [localhost-startStop-1] o.s.b.w.servlet.FilterRegistrationBean   : Mapping filter: 'requestContextFilter' to: [/*]
2020-07-10 10:13:12.327  INFO 8324 --- [main] s.w.s.m.m.a.RequestMappingHandlerAdapter : Looking for @ControllerAdvice: org.springframework.boot.context.embedded.AnnotationConfigEmbeddedWebApplicationContext@402c4085: startup date [Fri Jul 10 10:13:08 IST 2020]; root of context hierarchy
2020-07-10 10:13:12.397  INFO 8324 --- [main] s.w.s.m.m.a.RequestMappingHandlerMapping : Mapped "{[/error]}" onto public org.springframework.http.ResponseEntity<java.util.Map<java.lang.String, java.lang.Object>> org.springframework.boot.autoconfigure.web.BasicErrorController.error(javax.servlet.http.HttpServletRequest)
2020-07-10 10:13:12.399  INFO 8324 --- [main] s.w.s.m.m.a.RequestMappingHandlerMapping : Mapped "{[/error],produces=[text/html]}" onto public org.springframework.web.servlet.ModelAndView org.springframework.boot.autoconfigure.web.BasicErrorController.errorHtml(javax.servlet.http.HttpServletRequest,javax.servlet.http.HttpServletResponse)
2020-07-10 10:13:12.438  INFO 8324 --- [main] o.s.w.s.handler.SimpleUrlHandlerMapping  : Mapped URL path [/webjars/**] onto handler of type [class org.springframework.web.servlet.resource.ResourceHttpRequestHandler]
2020-07-10 10:13:12.438  INFO 8324 --- [main] o.s.w.s.handler.SimpleUrlHandlerMapping  : Mapped URL path [/**] onto handler of type [class org.springframework.web.servlet.resource.ResourceHttpRequestHandler]
2020-07-10 10:13:12.487  INFO 8324 --- [main] o.s.w.s.handler.SimpleUrlHandlerMapping  : Mapped URL path [/**/favicon.ico] onto handler of type [class org.springframework.web.servlet.resource.ResourceHttpRequestHandler]
2020-07-10 10:13:12.750  INFO 8324 --- [main] o.s.j.e.a.AnnotationMBeanExporter        : Registering beans for JMX exposure on startup
2020-07-10 10:13:12.764  INFO 8324 --- [main] o.s.j.e.a.AnnotationMBeanExporter        : Bean with name 'rabbitConnectionFactory' has been autodetected for JMX exposure
2020-07-10 10:13:12.768  INFO 8324 --- [main] o.s.j.e.a.AnnotationMBeanExporter        : Located managed bean 'rabbitConnectionFactory': registering with JMX server as MBean [org.springframework.amqp.rabbit.connection:name=rabbitConnectionFactory,type=CachingConnectionFactory]
2020-07-10 10:13:12.802  INFO 8324 --- [main] o.s.c.support.DefaultLifecycleProcessor  : Starting beans in phase -2147482648
2020-07-10 10:13:12.802  INFO 8324 --- [main] o.s.c.support.DefaultLifecycleProcessor  : Starting beans in phase 2147483647
2020-07-10 10:13:12.888  INFO 8324 --- [main] s.b.c.e.t.TomcatEmbeddedServletContainer : Tomcat started on port(s): 8080 (http)
2020-07-10 10:13:13.077  INFO 8324 --- [main] o.s.a.r.c.CachingConnectionFactory       : Created new connection: rabbitConnectionFactory#2596d7f4:0/SimpleConnection@df921b1 [delegate=amqp://guest@127.0.0.1:5672/, localPort= 57782]
2020-07-10 10:13:13.081  INFO 8324 --- [main] o.s.amqp.rabbit.core.RabbitAdmin         : Auto-declaring a non-durable, auto-delete, or exclusive Queue (jsa.queue) durable:false, auto-delete:false, exclusive:false. It will be redeclared if the broker stops and is restarted while the connection factory is alive, but all messages will be lost.
2020-07-10 10:13:13.128  INFO 8324 --- [main] c.j.r.SpringRabbitMqPublisherApplication : Started SpringRabbitMqPublisherApplication in 5.061 seconds (JVM running for 7.448)
